2014/11/27 16:12:28 [warning] [application] Failed to set unsafe attribute "req_file1" of "PermitRequirements".
in E:\xampp\htdocs\EngModule\protected\controllers\PermitRequirementsController.php (80)
in E:\xampp\htdocs\EngModule\index.php (13)
2014/11/27 16:21:22 [warning] [application] Failed to set unsafe attribute "rememberMe" of "LoginForm".
in E:\xampp\htdocs\EngModule\protected\controllers\SiteController.php (94)
in E:\xampp\htdocs\EngModule\index.php (13)
2014/11/27 16:28:06 [warning] [application] Failed to set unsafe attribute "req_file1" of "PermitRequirements".
in E:\xampp\htdocs\EngModule\protected\controllers\PermitRequirementsController.php (80)
in E:\xampp\htdocs\EngModule\index.php (13)
2014/11/27 16:30:18 [warning] [application] Failed to set unsafe attribute "rememberMe" of "CitizenLoginForm".
in E:\xampp\htdocs\EngModule\protected\controllers\SiteController.php (125)
in E:\xampp\htdocs\EngModule\index.php (13)
2014/11/27 16:30:21 [warning] [application] Failed to set unsafe attribute "rememberMe" of "CitizenLoginForm".
in E:\xampp\htdocs\EngModule\protected\controllers\SiteController.php (125)
in E:\xampp\htdocs\EngModule\index.php (13)
2014/11/27 16:31:08 [warning] [application] Failed to set unsafe attribute "rememberMe" of "CitizenLoginForm".
in E:\xampp\htdocs\EngModule\protected\controllers\SiteController.php (125)
in E:\xampp\htdocs\EngModule\index.php (13)
2014/11/27 16:31:11 [warning] [application] Failed to set unsafe attribute "rememberMe" of "CitizenLoginForm".
in E:\xampp\htdocs\EngModule\protected\controllers\SiteController.php (125)
in E:\xampp\htdocs\EngModule\index.php (13)
2014/11/27 16:36:51 [error] [exception.CHttpException.400] exception 'CHttpException' with message 'Your request is invalid.' in E:\xampp\htdocs\yii\framework\web\CController.php:336
Stack trace:
#0 E:\xampp\htdocs\yii\framework\web\CController.php(309): CController->invalidActionParams(Object(CInlineAction))
#1 E:\xampp\htdocs\yii\framework\web\filters\CFilterChain.php(133): CController->runAction(Object(CInlineAction))
#2 E:\xampp\htdocs\yii\framework\web\filters\CFilter.php(40): CFilterChain->run()
#3 E:\xampp\htdocs\yii\framework\web\CController.php(1145): CFilter->filter(Object(CFilterChain))
#4 E:\xampp\htdocs\yii\framework\web\filters\CInlineFilter.php(58): CController->filterAccessControl(Object(CFilterChain))
#5 E:\xampp\htdocs\yii\framework\web\filters\CFilterChain.php(130): CInlineFilter->filter(Object(CFilterChain))
#6 E:\xampp\htdocs\yii\framework\web\CController.php(291): CFilterChain->run()
#7 E:\xampp\htdocs\yii\framework\web\CController.php(265): CController->runActionWithFilters(Object(CInlineAction), Array)
#8 E:\xampp\htdocs\yii\framework\web\CWebApplication.php(282): CController->run('update')
#9 E:\xampp\htdocs\yii\framework\web\CWebApplication.php(141): CWebApplication->runController('permitrequireme...')
#10 E:\xampp\htdocs\yii\framework\base\CApplication.php(180): CWebApplication->processRequest()
#11 E:\xampp\htdocs\EngModule\index.php(13): CApplication->run()
#12 {main}
REQUEST_URI=/EngModule/index.php/permitrequirements/update/8A5B9B5AC9AB6EFE178BA047B66E8819
HTTP_REFERER=http://localhost/EngModule/index.php/permitrequirements/view?permit_num=115
---
2014/11/27 16:37:07 [error] [exception.CHttpException.400] exception 'CHttpException' with message 'Your request is invalid.' in E:\xampp\htdocs\yii\framework\web\CController.php:336
Stack trace:
#0 E:\xampp\htdocs\yii\framework\web\CController.php(309): CController->invalidActionParams(Object(CInlineAction))
#1 E:\xampp\htdocs\yii\framework\web\filters\CFilterChain.php(133): CController->runAction(Object(CInlineAction))
#2 E:\xampp\htdocs\yii\framework\web\filters\CFilter.php(40): CFilterChain->run()
#3 E:\xampp\htdocs\yii\framework\web\CController.php(1145): CFilter->filter(Object(CFilterChain))
#4 E:\xampp\htdocs\yii\framework\web\filters\CInlineFilter.php(58): CController->filterAccessControl(Object(CFilterChain))
#5 E:\xampp\htdocs\yii\framework\web\filters\CFilterChain.php(130): CInlineFilter->filter(Object(CFilterChain))
#6 E:\xampp\htdocs\yii\framework\web\CController.php(291): CFilterChain->run()
#7 E:\xampp\htdocs\yii\framework\web\CController.php(265): CController->runActionWithFilters(Object(CInlineAction), Array)
#8 E:\xampp\htdocs\yii\framework\web\CWebApplication.php(282): CController->run('update')
#9 E:\xampp\htdocs\yii\framework\web\CWebApplication.php(141): CWebApplication->runController('permitrequireme...')
#10 E:\xampp\htdocs\yii\framework\base\CApplication.php(180): CWebApplication->processRequest()
#11 E:\xampp\htdocs\EngModule\index.php(13): CApplication->run()
#12 {main}
REQUEST_URI=/EngModule/index.php/permitrequirements/update/8A5B9B5AC9AB6EFE178BA047B66E8819
HTTP_REFERER=http://localhost/EngModule/index.php/permitrequirements/view?permit_num=115
---
2014/11/27 16:37:40 [error] [exception.CHttpException.404] exception 'CHttpException' with message 'The requested page does not exist.' in E:\xampp\htdocs\EngModule\protected\controllers\PermitRequirementsController.php:287
Stack trace:
#0 E:\xampp\htdocs\EngModule\protected\controllers\PermitRequirementsController.php(138): PermitRequirementsController->loadModel('')
#1 [internal function]: PermitRequirementsController->actionUpdate('')
#2 E:\xampp\htdocs\yii\framework\web\actions\CAction.php(108): ReflectionMethod->invokeArgs(Object(PermitRequirementsController), Array)
#3 E:\xampp\htdocs\yii\framework\web\actions\CInlineAction.php(47): CAction->runWithParamsInternal(Object(PermitRequirementsController), Object(ReflectionMethod), Array)
#4 E:\xampp\htdocs\yii\framework\web\CController.php(308): CInlineAction->runWithParams(Array)
#5 E:\xampp\htdocs\yii\framework\web\filters\CFilterChain.php(133): CController->runAction(Object(CInlineAction))
#6 E:\xampp\htdocs\yii\framework\web\filters\CFilter.php(40): CFilterChain->run()
#7 E:\xampp\htdocs\yii\framework\web\CController.php(1145): CFilter->filter(Object(CFilterChain))
#8 E:\xampp\htdocs\yii\framework\web\filters\CInlineFilter.php(58): CController->filterAccessControl(Object(CFilterChain))
#9 E:\xampp\htdocs\yii\framework\web\filters\CFilterChain.php(130): CInlineFilter->filter(Object(CFilterChain))
#10 E:\xampp\htdocs\yii\framework\web\CController.php(291): CFilterChain->run()
#11 E:\xampp\htdocs\yii\framework\web\CController.php(265): CController->runActionWithFilters(Object(CInlineAction), Array)
#12 E:\xampp\htdocs\yii\framework\web\CWebApplication.php(282): CController->run('update')
#13 E:\xampp\htdocs\yii\framework\web\CWebApplication.php(141): CWebApplication->runController('permitrequireme...')
#14 E:\xampp\htdocs\yii\framework\base\CApplication.php(180): CWebApplication->processRequest()
#15 E:\xampp\htdocs\EngModule\index.php(13): CApplication->run()
#16 {main}
REQUEST_URI=/EngModule/index.php/permitrequirements/update/id?8A5B9B5AC9AB6EFE178BA047B66E8819
---
2014/11/27 16:38:09 [error] [exception.CHttpException.400] exception 'CHttpException' with message 'Your request is invalid.' in E:\xampp\htdocs\yii\framework\web\CController.php:336
Stack trace:
#0 E:\xampp\htdocs\yii\framework\web\CController.php(309): CController->invalidActionParams(Object(CInlineAction))
#1 E:\xampp\htdocs\yii\framework\web\filters\CFilterChain.php(133): CController->runAction(Object(CInlineAction))
#2 E:\xampp\htdocs\yii\framework\web\filters\CFilter.php(40): CFilterChain->run()
#3 E:\xampp\htdocs\yii\framework\web\CController.php(1145): CFilter->filter(Object(CFilterChain))
#4 E:\xampp\htdocs\yii\framework\web\filters\CInlineFilter.php(58): CController->filterAccessControl(Object(CFilterChain))
#5 E:\xampp\htdocs\yii\framework\web\filters\CFilterChain.php(130): CInlineFilter->filter(Object(CFilterChain))
#6 E:\xampp\htdocs\yii\framework\web\CController.php(291): CFilterChain->run()
#7 E:\xampp\htdocs\yii\framework\web\CController.php(265): CController->runActionWithFilters(Object(CInlineAction), Array)
#8 E:\xampp\htdocs\yii\framework\web\CWebApplication.php(282): CController->run('update')
#9 E:\xampp\htdocs\yii\framework\web\CWebApplication.php(141): CWebApplication->runController('permitrequireme...')
#10 E:\xampp\htdocs\yii\framework\base\CApplication.php(180): CWebApplication->processRequest()
#11 E:\xampp\htdocs\EngModule\index.php(13): CApplication->run()
#12 {main}
REQUEST_URI=/EngModule/index.php/permitrequirements/update/8A5B9B5AC9AB6EFE178BA047B66E8819
HTTP_REFERER=http://localhost/EngModule/index.php/permitrequirements/view?permit_num=115
---
2014/11/27 16:38:32 [warning] [application] Failed to set unsafe attribute "rememberMe" of "LoginForm".
in E:\xampp\htdocs\EngModule\protected\controllers\SiteController.php (94)
in E:\xampp\htdocs\EngModule\index.php (13)
2014/11/27 16:38:55 [error] [php] Undefined variable: model (E:\xampp\htdocs\EngModule\protected\controllers\ElectricalInstallationsPermitController.php:341)
Stack trace:
#0 E:\xampp\htdocs\yii\framework\web\actions\CAction.php(108): ReflectionMethod->invokeArgs()
#1 E:\xampp\htdocs\yii\framework\web\actions\CInlineAction.php(47): CInlineAction->runWithParamsInternal()
#2 E:\xampp\htdocs\yii\framework\web\CController.php(308): CInlineAction->runWithParams()
#3 E:\xampp\htdocs\yii\framework\web\filters\CFilterChain.php(133): ElectricalInstallationsPermitController->runAction()
#4 E:\xampp\htdocs\yii\framework\web\filters\CFilter.php(40): CFilterChain->run()
#5 E:\xampp\htdocs\yii\framework\web\CController.php(1145): CAccessControlFilter->filter()
#6 E:\xampp\htdocs\yii\framework\web\filters\CInlineFilter.php(58): ElectricalInstallationsPermitController->filterAccessControl()
#7 E:\xampp\htdocs\yii\framework\web\filters\CFilterChain.php(130): CInlineFilter->filter()
#8 E:\xampp\htdocs\yii\framework\web\CController.php(291): CFilterChain->run()
#9 E:\xampp\htdocs\yii\framework\web\CController.php(265): ElectricalInstallationsPermitController->runActionWithFilters()
#10 E:\xampp\htdocs\yii\framework\web\CWebApplication.php(282): ElectricalInstallationsPermitController->run()
#11 E:\xampp\htdocs\yii\framework\web\CWebApplication.php(141): CWebApplication->runController()
#12 E:\xampp\htdocs\yii\framework\base\CApplication.php(180): CWebApplication->processRequest()
#13 E:\xampp\htdocs\EngModule\index.php(13): CWebApplication->run()
REQUEST_URI=/EngModule/index.php/electricalInstallationsPermit/approve_permit/47D1ED67F9B749BFD3081D91B58D6869
in E:\xampp\htdocs\EngModule\protected\controllers\ElectricalInstallationsPermitController.php (341)
in E:\xampp\htdocs\EngModule\protected\controllers\ElectricalInstallationsPermitController.php (252)
in E:\xampp\htdocs\EngModule\index.php (13)
2014/11/27 16:40:27 [error] [exception.CHttpException.404] exception 'CHttpException' with message 'The requested page does not exist.' in E:\xampp\htdocs\EngModule\protected\controllers\ElectricalInstallationsPermitController.php:341
Stack trace:
#0 E:\xampp\htdocs\EngModule\protected\controllers\ElectricalInstallationsPermitController.php(252): ElectricalInstallationsPermitController->loadModelPending(NULL, NULL)
#1 [internal function]: ElectricalInstallationsPermitController->actionApprove_permit(NULL, NULL)
#2 E:\xampp\htdocs\yii\framework\web\actions\CAction.php(108): ReflectionMethod->invokeArgs(Object(ElectricalInstallationsPermitController), Array)
#3 E:\xampp\htdocs\yii\framework\web\actions\CInlineAction.php(47): CAction->runWithParamsInternal(Object(ElectricalInstallationsPermitController), Object(ReflectionMethod), Array)
#4 E:\xampp\htdocs\yii\framework\web\CController.php(308): CInlineAction->runWithParams(Array)
#5 E:\xampp\htdocs\yii\framework\web\filters\CFilterChain.php(133): CController->runAction(Object(CInlineAction))
#6 E:\xampp\htdocs\yii\framework\web\filters\CFilter.php(40): CFilterChain->run()
#7 E:\xampp\htdocs\yii\framework\web\CController.php(1145): CFilter->filter(Object(CFilterChain))
#8 E:\xampp\htdocs\yii\framework\web\filters\CInlineFilter.php(58): CController->filterAccessControl(Object(CFilterChain))
#9 E:\xampp\htdocs\yii\framework\web\filters\CFilterChain.php(130): CInlineFilter->filter(Object(CFilterChain))
#10 E:\xampp\htdocs\yii\framework\web\CController.php(291): CFilterChain->run()
#11 E:\xampp\htdocs\yii\framework\web\CController.php(265): CController->runActionWithFilters(Object(CInlineAction), Array)
#12 E:\xampp\htdocs\yii\framework\web\CWebApplication.php(282): CController->run('approve_permit')
#13 E:\xampp\htdocs\yii\framework\web\CWebApplication.php(141): CWebApplication->runController('electricalInsta...')
#14 E:\xampp\htdocs\yii\framework\base\CApplication.php(180): CWebApplication->processRequest()
#15 E:\xampp\htdocs\EngModule\index.php(13): CApplication->run()
#16 {main}
REQUEST_URI=/EngModule/index.php/electricalInstallationsPermit/approve_permit/47D1ED67F9B749BFD3081D91B58D6869
HTTP_REFERER=http://localhost/EngModule/index.php/electricalInstallationsPermit/view?permit_num=73
---
2014/11/27 16:42:03 [error] [exception.CHttpException.404] exception 'CHttpException' with message 'The requested page does not exist.' in E:\xampp\htdocs\EngModule\protected\controllers\ElectricalInstallationsPermitController.php:341
Stack trace:
#0 E:\xampp\htdocs\EngModule\protected\controllers\ElectricalInstallationsPermitController.php(252): ElectricalInstallationsPermitController->loadModelPending(NULL, NULL)
#1 [internal function]: ElectricalInstallationsPermitController->actionApprove_permit(NULL, NULL)
#2 E:\xampp\htdocs\yii\framework\web\actions\CAction.php(108): ReflectionMethod->invokeArgs(Object(ElectricalInstallationsPermitController), Array)
#3 E:\xampp\htdocs\yii\framework\web\actions\CInlineAction.php(47): CAction->runWithParamsInternal(Object(ElectricalInstallationsPermitController), Object(ReflectionMethod), Array)
#4 E:\xampp\htdocs\yii\framework\web\CController.php(308): CInlineAction->runWithParams(Array)
#5 E:\xampp\htdocs\yii\framework\web\filters\CFilterChain.php(133): CController->runAction(Object(CInlineAction))
#6 E:\xampp\htdocs\yii\framework\web\filters\CFilter.php(40): CFilterChain->run()
#7 E:\xampp\htdocs\yii\framework\web\CController.php(1145): CFilter->filter(Object(CFilterChain))
#8 E:\xampp\htdocs\yii\framework\web\filters\CInlineFilter.php(58): CController->filterAccessControl(Object(CFilterChain))
#9 E:\xampp\htdocs\yii\framework\web\filters\CFilterChain.php(130): CInlineFilter->filter(Object(CFilterChain))
#10 E:\xampp\htdocs\yii\framework\web\CController.php(291): CFilterChain->run()
#11 E:\xampp\htdocs\yii\framework\web\CController.php(265): CController->runActionWithFilters(Object(CInlineAction), Array)
#12 E:\xampp\htdocs\yii\framework\web\CWebApplication.php(282): CController->run('approve_permit')
#13 E:\xampp\htdocs\yii\framework\web\CWebApplication.php(141): CWebApplication->runController('electricalInsta...')
#14 E:\xampp\htdocs\yii\framework\base\CApplication.php(180): CWebApplication->processRequest()
#15 E:\xampp\htdocs\EngModule\index.php(13): CApplication->run()
#16 {main}
REQUEST_URI=/EngModule/index.php/electricalInstallationsPermit/approve_permit/47D1ED67F9B749BFD3081D91B58D6869
HTTP_REFERER=http://localhost/EngModule/index.php/electricalInstallationsPermit/view?permit_num=73
---
2014/11/27 16:42:51 [error] [exception.CHttpException.400] exception 'CHttpException' with message 'Your request is invalid.' in E:\xampp\htdocs\yii\framework\web\CController.php:336
Stack trace:
#0 E:\xampp\htdocs\yii\framework\web\CController.php(309): CController->invalidActionParams(Object(CInlineAction))
#1 E:\xampp\htdocs\yii\framework\web\filters\CFilterChain.php(133): CController->runAction(Object(CInlineAction))
#2 E:\xampp\htdocs\yii\framework\web\filters\CFilter.php(40): CFilterChain->run()
#3 E:\xampp\htdocs\yii\framework\web\CController.php(1145): CFilter->filter(Object(CFilterChain))
#4 E:\xampp\htdocs\yii\framework\web\filters\CInlineFilter.php(58): CController->filterAccessControl(Object(CFilterChain))
#5 E:\xampp\htdocs\yii\framework\web\filters\CFilterChain.php(130): CInlineFilter->filter(Object(CFilterChain))
#6 E:\xampp\htdocs\yii\framework\web\CController.php(291): CFilterChain->run()
#7 E:\xampp\htdocs\yii\framework\web\CController.php(265): CController->runActionWithFilters(Object(CInlineAction), Array)
#8 E:\xampp\htdocs\yii\framework\web\CWebApplication.php(282): CController->run('update')
#9 E:\xampp\htdocs\yii\framework\web\CWebApplication.php(141): CWebApplication->runController('permitrequireme...')
#10 E:\xampp\htdocs\yii\framework\base\CApplication.php(180): CWebApplication->processRequest()
#11 E:\xampp\htdocs\EngModule\index.php(13): CApplication->run()
#12 {main}
REQUEST_URI=/EngModule/index.php/permitrequirements/update/8A5B9B5AC9AB6EFE178BA047B66E8819
HTTP_REFERER=http://localhost/EngModule/index.php/permitrequirements/view?permit_num=115
---
2014/11/27 16:43:29 [error] [exception.CHttpException.404] exception 'CHttpException' with message 'The system is unable to find the requested action "E8C5995480253060A2DA9B00C5F613D4".' in E:\xampp\htdocs\yii\framework\web\CController.php:483
Stack trace:
#0 E:\xampp\htdocs\yii\framework\web\CController.php(270): CController->missingAction('E8C599548025306...')
#1 E:\xampp\htdocs\yii\framework\web\CWebApplication.php(282): CController->run('E8C599548025306...')
#2 E:\xampp\htdocs\yii\framework\web\CWebApplication.php(141): CWebApplication->runController('lguUser/E8C5995...')
#3 E:\xampp\htdocs\yii\framework\base\CApplication.php(180): CWebApplication->processRequest()
#4 E:\xampp\htdocs\EngModule\index.php(13): CApplication->run()
#5 {main}
REQUEST_URI=/EngModule/index.php/lguUser/E8C5995480253060A2DA9B00C5F613D4
HTTP_REFERER=http://localhost/EngModule/index.php/LguUser
---
2014/11/27 16:43:41 [error] [exception.CHttpException.404] exception 'CHttpException' with message 'The system is unable to find the requested action "816FC588EE81ECEBFE1F44F3E7455D35".' in E:\xampp\htdocs\yii\framework\web\CController.php:483
Stack trace:
#0 E:\xampp\htdocs\yii\framework\web\CController.php(270): CController->missingAction('816FC588EE81ECE...')
#1 E:\xampp\htdocs\yii\framework\web\CWebApplication.php(282): CController->run('816FC588EE81ECE...')
#2 E:\xampp\htdocs\yii\framework\web\CWebApplication.php(141): CWebApplication->runController('lguUser/816FC58...')
#3 E:\xampp\htdocs\yii\framework\base\CApplication.php(180): CWebApplication->processRequest()
#4 E:\xampp\htdocs\EngModule\index.php(13): CApplication->run()
#5 {main}
REQUEST_URI=/EngModule/index.php/lguUser/816FC588EE81ECEBFE1F44F3E7455D35
HTTP_REFERER=http://localhost/EngModule/index.php/LguUser
---
2014/11/27 16:49:07 [error] [exception.CException] exception 'CException' with message 'Property "ElectricalInstallationsPermit.status" is not defined.' in E:\xampp\htdocs\yii\framework\base\CComponent.php:130
Stack trace:
#0 E:\xampp\htdocs\yii\framework\db\ar\CActiveRecord.php(145): CComponent->__get('status')
#1 E:\xampp\htdocs\yii\framework\web\helpers\CHtml.php(2529): CActiveRecord->__get('status')
#2 E:\xampp\htdocs\yii\framework\web\helpers\CHtml.php(2252): CHtml::resolveValue(Object(ElectricalInstallationsPermit), 'status')
#3 E:\xampp\htdocs\yii\framework\web\helpers\CHtml.php(1434): CHtml::activeInputField('text', Object(ElectricalInstallationsPermit), 'status', Array)
#4 E:\xampp\htdocs\yii\framework\web\widgets\CActiveForm.php(725): CHtml::activeTextField(Object(ElectricalInstallationsPermit), 'status', Array)
#5 E:\xampp\htdocs\EngModule\protected\views\electricalInstallationspermit\_search.php(146): CActiveForm->textField(Object(ElectricalInstallationsPermit), 'status')
#6 E:\xampp\htdocs\yii\framework\web\CBaseController.php(126): require('E:\\xampp\\htdocs...')
#7 E:\xampp\htdocs\yii\framework\web\CBaseController.php(95): CBaseController->renderInternal('E:\\xampp\\htdocs...', Array, true)
#8 E:\xampp\htdocs\yii\framework\web\CController.php(869): CBaseController->renderFile('E:\\xampp\\htdocs...', Array, true)
#9 E:\xampp\htdocs\EngModule\protected\views\electricalInstallationspermit\admin.php(40): CController->renderPartial('_search', Array)
#10 E:\xampp\htdocs\yii\framework\web\CBaseController.php(126): require('E:\\xampp\\htdocs...')
#11 E:\xampp\htdocs\yii\framework\web\CBaseController.php(95): CBaseController->renderInternal('E:\\xampp\\htdocs...', Array, true)
#12 E:\xampp\htdocs\yii\framework\web\CController.php(869): CBaseController->renderFile('E:\\xampp\\htdocs...', Array, true)
#13 E:\xampp\htdocs\yii\framework\web\CController.php(782): CController->renderPartial('admin', Array, true)
#14 E:\xampp\htdocs\EngModule\protected\controllers\ElectricalInstallationsPermitController.php(241): CController->render('admin', Array)
#15 E:\xampp\htdocs\yii\framework\web\actions\CInlineAction.php(49): ElectricalInstallationsPermitController->actionAdmin()
#16 E:\xampp\htdocs\yii\framework\web\CController.php(308): CInlineAction->runWithParams(Array)
#17 E:\xampp\htdocs\yii\framework\web\filters\CFilterChain.php(133): CController->runAction(Object(CInlineAction))
#18 E:\xampp\htdocs\yii\framework\web\filters\CFilter.php(40): CFilterChain->run()
#19 E:\xampp\htdocs\yii\framework\web\CController.php(1145): CFilter->filter(Object(CFilterChain))
#20 E:\xampp\htdocs\yii\framework\web\filters\CInlineFilter.php(58): CController->filterAccessControl(Object(CFilterChain))
#21 E:\xampp\htdocs\yii\framework\web\filters\CFilterChain.php(130): CInlineFilter->filter(Object(CFilterChain))
#22 E:\xampp\htdocs\yii\framework\web\CController.php(291): CFilterChain->run()
#23 E:\xampp\htdocs\yii\framework\web\CController.php(265): CController->runActionWithFilters(Object(CInlineAction), Array)
#24 E:\xampp\htdocs\yii\framework\web\CWebApplication.php(282): CController->run('admin')
#25 E:\xampp\htdocs\yii\framework\web\CWebApplication.php(141): CWebApplication->runController('electricalInsta...')
#26 E:\xampp\htdocs\yii\framework\base\CApplication.php(180): CWebApplication->processRequest()
#27 E:\xampp\htdocs\EngModule\index.php(13): CApplication->run()
#28 {main}
REQUEST_URI=/EngModule/index.php/electricalInstallationsPermit/admin
HTTP_REFERER=http://localhost/EngModule/index.php/electricalInstallationsPermit/update?permit_num=73
---
2014/11/27 16:49:52 [error] [exception.CException] exception 'CException' with message 'Property "ElectricalInstallationsPermit.status" is not defined.' in E:\xampp\htdocs\yii\framework\base\CComponent.php:130
Stack trace:
#0 E:\xampp\htdocs\yii\framework\db\ar\CActiveRecord.php(145): CComponent->__get('status')
#1 E:\xampp\htdocs\EngModule\protected\models\ElectricalInstallationsPermit.php(176): CActiveRecord->__get('status')
#2 E:\xampp\htdocs\EngModule\protected\views\electricalInstallationspermit\admin.php(45): ElectricalInstallationsPermit->search()
#3 E:\xampp\htdocs\yii\framework\web\CBaseController.php(126): require('E:\\xampp\\htdocs...')
#4 E:\xampp\htdocs\yii\framework\web\CBaseController.php(95): CBaseController->renderInternal('E:\\xampp\\htdocs...', Array, true)
#5 E:\xampp\htdocs\yii\framework\web\CController.php(869): CBaseController->renderFile('E:\\xampp\\htdocs...', Array, true)
#6 E:\xampp\htdocs\yii\framework\web\CController.php(782): CController->renderPartial('admin', Array, true)
#7 E:\xampp\htdocs\EngModule\protected\controllers\ElectricalInstallationsPermitController.php(241): CController->render('admin', Array)
#8 E:\xampp\htdocs\yii\framework\web\actions\CInlineAction.php(49): ElectricalInstallationsPermitController->actionAdmin()
#9 E:\xampp\htdocs\yii\framework\web\CController.php(308): CInlineAction->runWithParams(Array)
#10 E:\xampp\htdocs\yii\framework\web\filters\CFilterChain.php(133): CController->runAction(Object(CInlineAction))
#11 E:\xampp\htdocs\yii\framework\web\filters\CFilter.php(40): CFilterChain->run()
#12 E:\xampp\htdocs\yii\framework\web\CController.php(1145): CFilter->filter(Object(CFilterChain))
#13 E:\xampp\htdocs\yii\framework\web\filters\CInlineFilter.php(58): CController->filterAccessControl(Object(CFilterChain))
#14 E:\xampp\htdocs\yii\framework\web\filters\CFilterChain.php(130): CInlineFilter->filter(Object(CFilterChain))
#15 E:\xampp\htdocs\yii\framework\web\CController.php(291): CFilterChain->run()
#16 E:\xampp\htdocs\yii\framework\web\CController.php(265): CController->runActionWithFilters(Object(CInlineAction), Array)
#17 E:\xampp\htdocs\yii\framework\web\CWebApplication.php(282): CController->run('admin')
#18 E:\xampp\htdocs\yii\framework\web\CWebApplication.php(141): CWebApplication->runController('electricalInsta...')
#19 E:\xampp\htdocs\yii\framework\base\CApplication.php(180): CWebApplication->processRequest()
#20 E:\xampp\htdocs\EngModule\index.php(13): CApplication->run()
#21 {main}
REQUEST_URI=/EngModule/index.php/electricalInstallationsPermit/admin
HTTP_REFERER=http://localhost/EngModule/index.php/electricalInstallationsPermit/update?permit_num=73
---
2014/11/27 16:53:40 [error] [exception.CHttpException.404] exception 'CHttpException' with message 'Unable to resolve the request "electricalinstallationsermit".' in E:\xampp\htdocs\yii\framework\web\CWebApplication.php:286
Stack trace:
#0 E:\xampp\htdocs\yii\framework\web\CWebApplication.php(141): CWebApplication->runController('electricalinsta...')
#1 E:\xampp\htdocs\yii\framework\base\CApplication.php(180): CWebApplication->processRequest()
#2 E:\xampp\htdocs\EngModule\index.php(13): CApplication->run()
#3 {main}
REQUEST_URI=/EngModule/index.php/electricalinstallationsermit
HTTP_REFERER=http://localhost/EngModule/index.php/LguUser
---
2014/11/27 16:53:55 [error] [exception.CHttpException.404] exception 'CHttpException' with message 'Unable to resolve the request "electricalinstallationsermit".' in E:\xampp\htdocs\yii\framework\web\CWebApplication.php:286
Stack trace:
#0 E:\xampp\htdocs\yii\framework\web\CWebApplication.php(141): CWebApplication->runController('electricalinsta...')
#1 E:\xampp\htdocs\yii\framework\base\CApplication.php(180): CWebApplication->processRequest()
#2 E:\xampp\htdocs\EngModule\index.php(13): CApplication->run()
#3 {main}
REQUEST_URI=/EngModule/index.php/electricalinstallationsermit
HTTP_REFERER=http://localhost/EngModule/index.php/LguUser
---
